basemodule/build/outputs/logs/manifest-merger-debug-report.txt
-- Merging decision tree log ---
manifest
ADDED from src\main\AndroidManifest.xml:2:1-87:12
INJECTED from src\main\AndroidManifest.xml:2:1-87:12
INJECTED from src\main\AndroidManifest.xml:2:1-87:12
INJECTED from src\main\AndroidManifest.xml:2:1-87:12
INJECTED from src\main\AndroidManifest.xml:2:1-87:12
INJECTED from src\main\AndroidManifest.xml:2:1-87:12
INJECTED from src\main\AndroidManifest.xml:2:1-87:12
	package
		ADDED from src\main\AndroidManifest.xml:3:5-34
		INJECTED from src\main\AndroidManifest.xml
		INJECTED from src\main\AndroidManifest.xml
	android:versionName
		INJECTED from src\main\AndroidManifest.xml
		ADDED from src\main\AndroidManifest.xml:2:1-87:12
		INJECTED from src\main\AndroidManifest.xml
	android:versionCode
		INJECTED from src\main\AndroidManifest.xml
		ADDED from src\main\AndroidManifest.xml:2:1-87:12
		INJECTED from src\main\AndroidManifest.xml
	xmlns:android
		ADDED from src\main\AndroidManifest.xml:2:11-69
uses-permission#android.permission.USE_BIOMETRIC
ADDED from src\main\AndroidManifest.xml:5:5-72
	android:name
		ADDED from src\main\AndroidManifest.xml:5:22-69
uses-permission#android.permission.NFC
ADDED from src\main\AndroidManifest.xml:6:5-62
	android:name
		ADDED from src\main\AndroidManifest.xml:6:22-59
uses-permission#android.permission.VIBRATE
ADDED from src\main\AndroidManifest.xml:7:5-66
	android:name
		ADDED from src\main\AndroidManifest.xml:7:22-63
uses-permission#android.permission.INTERNET
ADDED from src\main\AndroidManifest.xml:8:5-67
	android:name
		ADDED from src\main\AndroidManifest.xml:8:22-64
uses-permission#android.permission.CAMERA
ADDED from src\main\AndroidManifest.xml:9:5-65
	android:name
		ADDED from src\main\AndroidManifest.xml:9:22-62
uses-permission#android.permission.ACCESS_NETWORK_STATE
ADDED from src\main\AndroidManifest.xml:10:5-79
	android:name
		ADDED from src\main\AndroidManifest.xml:10:22-76
uses-permission#android.permission.ACCESS_COARSE_LOCATION
ADDED from src\main\AndroidManifest.xml:11:5-81
	android:name
		ADDED from src\main\AndroidManifest.xml:11:22-78
uses-permission#android.permission.WRITE_EXTERNAL_STORAGE
ADDED from src\main\AndroidManifest.xml:12:5-81
	android:name
		ADDED from src\main\AndroidManifest.xml:12:22-78
uses-permission#android.permission.ACCESS_FINE_LOCATION
ADDED from src\main\AndroidManifest.xml:13:5-79
	android:name
		ADDED from src\main\AndroidManifest.xml:13:22-76
uses-permission#android.permission.ACCESS_LOCATION_EXTRA_COMMANDS
ADDED from src\main\AndroidManifest.xml:14:5-89
	android:name
		ADDED from src\main\AndroidManifest.xml:14:22-86
uses-permission#android.permission.GET_TASKS
ADDED from src\main\AndroidManifest.xml:15:5-68
	android:name
		ADDED from src\main\AndroidManifest.xml:15:22-65
uses-permission#android.permission.ACCESS_WIFI_STATE
ADDED from src\main\AndroidManifest.xml:16:5-76
	android:name
		ADDED from src\main\AndroidManifest.xml:16:22-73
uses-permission#android.permission.CHANGE_WIFI_STATE
ADDED from src\main\AndroidManifest.xml:17:5-76
	android:name
		ADDED from src\main\AndroidManifest.xml:17:22-73
uses-permission#android.permission.CHANGE_WIFI_MULTICAST_STATE
ADDED from src\main\AndroidManifest.xml:18:5-86
	android:name
		ADDED from src\main\AndroidManifest.xml:18:22-83
uses-permission#android.permission.WAKE_LOCK
ADDED from src\main\AndroidManifest.xml:19:5-68
	android:name
		ADDED from src\main\AndroidManifest.xml:19:22-65
uses-permission#android.permission.MODIFY_AUDIO_SETTINGS
ADDED from src\main\AndroidManifest.xml:20:5-80
	android:name
		ADDED from src\main\AndroidManifest.xml:20:22-77
uses-permission#android.permission.READ_PHONE_STATE
ADDED from src\main\AndroidManifest.xml:21:5-75
	android:name
		ADDED from src\main\AndroidManifest.xml:21:22-72
uses-permission#android.permission.RECEIVE_BOOT_COMPLETED
ADDED from src\main\AndroidManifest.xml:22:5-81
	android:name
		ADDED from src\main\AndroidManifest.xml:22:22-78
uses-permission#android.permission.CHANGE_NETWORK_STATE
ADDED from src\main\AndroidManifest.xml:23:5-79
	android:name
		ADDED from src\main\AndroidManifest.xml:23:22-76
uses-permission#android.permission.FLASHLIGHT
ADDED from src\main\AndroidManifest.xml:24:5-69
	android:name
		ADDED from src\main\AndroidManifest.xml:24:22-66
uses-permission#android.permission.READ_LOGS
ADDED from src\main\AndroidManifest.xml:25:5-68
	android:name
		ADDED from src\main\AndroidManifest.xml:25:22-65
uses-permission#android.permission.SYSTEM_ALERT_WINDOW
ADDED from src\main\AndroidManifest.xml:26:5-78
	android:name
		ADDED from src\main\AndroidManifest.xml:26:22-75
uses-permission#android.permission.WRITE_SETTINGS
ADDED from src\main\AndroidManifest.xml:27:5-73
	android:name
		ADDED from src\main\AndroidManifest.xml:27:22-70
uses-permission#android.permission.BLUETOOTH
ADDED from src\main\AndroidManifest.xml:28:5-68
	android:name
		ADDED from src\main\AndroidManifest.xml:28:22-65
uses-permission#android.permission.BLUETOOTH_ADMIN
ADDED from src\main\AndroidManifest.xml:29:5-74
	android:name
		ADDED from src\main\AndroidManifest.xml:29:22-71
uses-permission#android.permission.BAIDU_LOCATION_SERVICE
ADDED from src\main\AndroidManifest.xml:30:5-81
	android:name
		ADDED from src\main\AndroidManifest.xml:30:22-78
uses-permission#android.permission.RECORD_AUDIO
ADDED from src\main\AndroidManifest.xml:31:5-71
	android:name
		ADDED from src\main\AndroidManifest.xml:31:22-68
uses-permission#android.permission.MOUNT_UNMOUNT_FILESYSTEMS
ADDED from src\main\AndroidManifest.xml:32:5-84
	android:name
		ADDED from src\main\AndroidManifest.xml:32:22-81
uses-feature#android.hardware.camera
ADDED from src\main\AndroidManifest.xml:34:5-60
	android:name
		ADDED from src\main\AndroidManifest.xml:34:19-57
uses-feature#android.hardware.camera.autofocus
ADDED from src\main\AndroidManifest.xml:35:5-70
	android:name
		ADDED from src\main\AndroidManifest.xml:35:19-67
uses-feature#android.hardware.nfc
ADDED from src\main\AndroidManifest.xml:36:5-38:35
	android:required
		ADDED from src\main\AndroidManifest.xml:38:9-32
	android:name
		ADDED from src\main\AndroidManifest.xml:37:9-44
application
ADDED from src\main\AndroidManifest.xml:40:5-85:19
	android:supportsRtl
		ADDED from src\main\AndroidManifest.xml:45:9-35
	android:label
		ADDED from src\main\AndroidManifest.xml:43:9-41
	android:roundIcon
		ADDED from src\main\AndroidManifest.xml:44:9-54
	android:icon
		ADDED from src\main\AndroidManifest.xml:42:9-43
	android:allowBackup
		ADDED from src\main\AndroidManifest.xml:41:9-35
	android:theme
		ADDED from src\main\AndroidManifest.xml:46:9-40
activity#com.base.basemodule.activity.video.BasePlayActivity
ADDED from src\main\AndroidManifest.xml:47:9-78
	android:name
		ADDED from src\main\AndroidManifest.xml:47:19-66
activity#com.base.basemodule.activity.video.VideoActivity
ADDED from src\main\AndroidManifest.xml:48:9-50:62
	android:theme
		ADDED from src\main\AndroidManifest.xml:50:13-59
	android:name
		ADDED from src\main\AndroidManifest.xml:49:13-57
activity#com.base.basemodule.activity.video.PlayVideoActivity
ADDED from src\main\AndroidManifest.xml:51:9-70
	android:name
		ADDED from src\main\AndroidManifest.xml:51:19-67
service#com.base.basemodule.service.RecordingService
ADDED from src\main\AndroidManifest.xml:53:9-56:39
	android:enabled
		ADDED from src\main\AndroidManifest.xml:55:13-35
	android:exported
		ADDED from src\main\AndroidManifest.xml:56:13-36
	android:name
		ADDED from src\main\AndroidManifest.xml:54:13-53
activity#com.base.basemodule.activity.BaseBridgeWebViewActivity
ADDED from src\main\AndroidManifest.xml:58:9-72
	android:name
		ADDED from src\main\AndroidManifest.xml:58:19-69
meta-data#android.max_aspect
ADDED from src\main\AndroidManifest.xml:60:9-62:35
	android:value
		ADDED from src\main\AndroidManifest.xml:62:13-32
	android:name
		ADDED from src\main\AndroidManifest.xml:61:13-46
meta-data#android.notch_support
ADDED from src\main\AndroidManifest.xml:63:9-65:36
	android:value
		ADDED from src\main\AndroidManifest.xml:65:13-33
	android:name
		ADDED from src\main\AndroidManifest.xml:64:13-49
meta-data#notch.config
ADDED from src\main\AndroidManifest.xml:66:9-68:50
	android:value
		ADDED from src\main\AndroidManifest.xml:68:13-47
	android:name
		ADDED from src\main\AndroidManifest.xml:67:13-40
activity#com.base.basemodule.activity.BaseActivity
ADDED from src\main\AndroidManifest.xml:70:9-59
	android:name
		ADDED from src\main\AndroidManifest.xml:70:19-56
activity#com.base.basemodule.utils.video.PicturesActivity
ADDED from src\main\AndroidManifest.xml:71:9-76:76
	android:screenOrientation
		ADDED from src\main\AndroidManifest.xml:75:13-49
	android:label
		ADDED from src\main\AndroidManifest.xml:74:13-35
	android:windowSoftInputMode
		ADDED from src\main\AndroidManifest.xml:76:13-73
	android:configChanges
		ADDED from src\main\AndroidManifest.xml:73:13-74
	android:name
		ADDED from src\main\AndroidManifest.xml:72:13-57
activity#com.base.basemodule.activity.BaseListActivity
ADDED from src\main\AndroidManifest.xml:77:9-63
	android:name
		ADDED from src\main\AndroidManifest.xml:77:19-60
service#com.dk.bleNfc.BleNfcDeviceService
ADDED from src\main\AndroidManifest.xml:79:9-69
	android:name
		ADDED from src\main\AndroidManifest.xml:79:18-66
service#com.baidu.location.f
ADDED from src\main\AndroidManifest.xml:80:9-83:41
	android:process
		ADDED from src\main\AndroidManifest.xml:83:13-38
	android:enabled
		ADDED from src\main\AndroidManifest.xml:82:13-35
	android:name
		ADDED from src\main\AndroidManifest.xml:81:13-48
service#com.amap.api.location.APSService
ADDED from src\main\AndroidManifest.xml:84:9-68
	android:name
		ADDED from src\main\AndroidManifest.xml:84:18-65
uses-sdk
INJECTED from src\main\AndroidManifest.xml reason: use-sdk injection requested
INJECTED from src\main\AndroidManifest.xml
INJECTED from src\main\AndroidManifest.xml
INJECTED from src\main\AndroidManifest.xml
INJECTED from src\main\AndroidManifest.xml
	android:targetSdkVersion
		INJECTED from src\main\AndroidManifest.xml
		ADDED from src\main\AndroidManifest.xml
		INJECTED from src\main\AndroidManifest.xml
	android:minSdkVersion
		INJECTED from src\main\AndroidManifest.xml
		ADDED from src\main\AndroidManifest.xml
		INJECTED from src\main\AndroidManifest.xml